<?xml version="1.0" encoding="UTF-8" ?>
<testsuite tests="54" failures="0" name="test.LoginTest" time="7.147" errors="0" skipped="0">
  <properties>
    <property name="java.runtime.name" value="Java(TM) SE Runtime Environment"/>
    <property name="sun.boot.library.path" value="C:\Program Files\Java\jdk1.8.0_201\jre\bin"/>
    <property name="java.vm.version" value="25.201-b09"/>
    <property name="java.vm.vendor" value="Oracle Corporation"/>
    <property name="maven.multiModuleProjectDirectory" value="D:\MyWorkspace\project11"/>
    <property name="java.vendor.url" value="http://java.oracle.com/"/>
    <property name="path.separator" value=";"/>
    <property name="guice.disable.misplaced.annotation.check" value="true"/>
    <property name="java.vm.name" value="Java HotSpot(TM) 64-Bit Server VM"/>
    <property name="file.encoding.pkg" value="sun.io"/>
    <property name="user.script" value=""/>
    <property name="user.country" value="RU"/>
    <property name="sun.java.launcher" value="SUN_STANDARD"/>
    <property name="sun.os.patch.level" value=""/>
    <property name="java.vm.specification.name" value="Java Virtual Machine Specification"/>
    <property name="user.dir" value="D:\MyWorkspace\project11"/>
    <property name="java.runtime.version" value="1.8.0_201-b09"/>
    <property name="java.awt.graphicsenv" value="sun.awt.Win32GraphicsEnvironment"/>
    <property name="java.endorsed.dirs" value="C:\Program Files\Java\jdk1.8.0_201\jre\lib\endorsed"/>
    <property name="os.arch" value="amd64"/>
    <property name="java.io.tmpdir" value="C:\Users\Asus\AppData\Local\Temp\"/>
    <property name="line.separator" value="
"/>
    <property name="java.vm.specification.vendor" value="Oracle Corporation"/>
    <property name="user.variant" value=""/>
    <property name="os.name" value="Windows 10"/>
    <property name="classworlds.conf" value="C:\Program Files\maven\apache-maven-3.6.0\bin\..\bin\m2.conf"/>
    <property name="sun.jnu.encoding" value="Cp1251"/>
    <property name="java.library.path" value="C:\Program Files\Java\jdk1.8.0_201\bin;C:\WINDOWS\Sun\Java\bin;C:\WINDOWS\system32;C:\WINDOWS;C:\Program Files (x86)\Common Files\Oracle\Java\javapath;C:\Program Files (x86)\Intel\iCLS Client\;C:\Program Files\Intel\iCLS Client\;C:\Windows\system32;C:\Windows;C:\Windows\System32\Wbem;C:\Windows\System32\WindowsPowerShell\v1.0\;C:\Program Files (x86)\NVIDIA Corporation\PhysX\Common;C:\Program Files (x86)\Intel\Intel(R) Management Engine Components\DAL;C:\Program Files\Intel\Intel(R) Management Engine Components\DAL;C:\Program Files (x86)\Intel\Intel(R) Management Engine Components\IPT;C:\Program Files\Intel\Intel(R) Management Engine Components\IPT;C:\Program Files\Intel\WiFi\bin\;C:\Program Files\Common Files\Intel\WirelessCommon\;C:\Program Files\Java\jdk1.8.0_201\bin;C:\Program Files\Git\cmd;C:\WINDOWS\system32;C:\WINDOWS;C:\WINDOWS\System32\Wbem;C:\WINDOWS\System32\WindowsPowerShell\v1.0\;C:\WINDOWS\System32\OpenSSH\;D:\Install\Chrome Driver\chromedriver_win32;C:\Program Files\maven\apache-maven-3.6.0\bin;C:\Users\Asus\AppData\Local\Microsoft\WindowsApps;C:\Program Files\Java\jdk1.8.0_201\bin;;."/>
    <property name="maven.conf" value="C:\Program Files\maven\apache-maven-3.6.0\bin\../conf"/>
    <property name="java.specification.name" value="Java Platform API Specification"/>
    <property name="java.class.version" value="52.0"/>
    <property name="sun.management.compiler" value="HotSpot 64-Bit Tiered Compilers"/>
    <property name="os.version" value="10.0"/>
    <property name="library.jansi.path" value="C:\Program Files\maven\apache-maven-3.6.0\bin\..\lib\jansi-native"/>
    <property name="user.home" value="C:\Users\Asus"/>
    <property name="user.timezone" value="Europe/Moscow"/>
    <property name="java.awt.printerjob" value="sun.awt.windows.WPrinterJob"/>
    <property name="java.specification.version" value="1.8"/>
    <property name="file.encoding" value="Cp1251"/>
    <property name="user.name" value="Asus"/>
    <property name="java.class.path" value="C:\Program Files\maven\apache-maven-3.6.0\bin\..\boot\plexus-classworlds-2.5.2.jar"/>
    <property name="java.vm.specification.version" value="1.8"/>
    <property name="sun.arch.data.model" value="64"/>
    <property name="java.home" value="C:\Program Files\Java\jdk1.8.0_201\jre"/>
    <property name="sun.java.command" value="org.codehaus.plexus.classworlds.launcher.Launcher test"/>
    <property name="java.specification.vendor" value="Oracle Corporation"/>
    <property name="user.language" value="ru"/>
    <property name="awt.toolkit" value="sun.awt.windows.WToolkit"/>
    <property name="java.vm.info" value="mixed mode"/>
    <property name="java.version" value="1.8.0_201"/>
    <property name="java.ext.dirs" value="C:\Program Files\Java\jdk1.8.0_201\jre\lib\ext;C:\WINDOWS\Sun\Java\lib\ext"/>
    <property name="sun.boot.class.path" value="C:\Program Files\Java\jdk1.8.0_201\jre\lib\resources.jar;C:\Program Files\Java\jdk1.8.0_201\jre\lib\rt.jar;C:\Program Files\Java\jdk1.8.0_201\jre\lib\sunrsasign.jar;C:\Program Files\Java\jdk1.8.0_201\jre\lib\jsse.jar;C:\Program Files\Java\jdk1.8.0_201\jre\lib\jce.jar;C:\Program Files\Java\jdk1.8.0_201\jre\lib\charsets.jar;C:\Program Files\Java\jdk1.8.0_201\jre\lib\jfr.jar;C:\Program Files\Java\jdk1.8.0_201\jre\classes"/>
    <property name="sun.stderr.encoding" value="cp866"/>
    <property name="java.vendor" value="Oracle Corporation"/>
    <property name="maven.home" value="C:\Program Files\maven\apache-maven-3.6.0\bin\.."/>
    <property name="file.separator" value="\"/>
    <property name="java.vendor.url.bug" value="http://bugreport.sun.com/bugreport/"/>
    <property name="sun.cpu.endian" value="little"/>
    <property name="sun.io.unicode.encoding" value="UnicodeLittle"/>
    <property name="sun.stdout.encoding" value="cp866"/>
    <property name="sun.desktop" value="windows"/>
    <property name="sun.cpu.isalist" value="amd64"/>
  </properties>
  <testcase classname="| 1 |" name="Given I am on main application page" time="0.001"/>
  <testcase classname="| 1 |" name="When I login as user with &quot;1&quot;" time="0"/>
  <testcase classname="| 1 |" name="Then I see expected element" time="0"/>
  <testcase classname="| 1 |" name="| 1 |" time="0.698"/>
  <testcase classname="| 2 |" name="Given I am on main application page" time="0"/>
  <testcase classname="| 2 |" name="When I login as user with &quot;2&quot;" time="0"/>
  <testcase classname="| 2 |" name="Then I see expected element" time="0"/>
  <testcase classname="| 2 |" name="| 2 |" time="0.665"/>
  <testcase classname="| 3 |" name="Given I am on main application page" time="0"/>
  <testcase classname="| 3 |" name="When I login as user with &quot;3&quot;" time="0"/>
  <testcase classname="| 3 |" name="Then I see expected element" time="0"/>
  <testcase classname="| 3 |" name="| 3 |" time="0.648"/>
  <testcase classname="| 4 |" name="Given I am on main application page" time="0"/>
  <testcase classname="| 4 |" name="When I login as user with &quot;4&quot;" time="0"/>
  <testcase classname="| 4 |" name="Then I see expected element" time="0"/>
  <testcase classname="| 4 |" name="| 4 |" time="0.672"/>
  <testcase classname="| 5 |" name="Given I am on main application page" time="0"/>
  <testcase classname="| 5 |" name="When I login as user with &quot;5&quot;" time="0"/>
  <testcase classname="| 5 |" name="Then I see expected element" time="0"/>
  <testcase classname="| 5 |" name="| 5 |" time="0.651"/>
  <testcase classname="| 6 |" name="Given I am on main application page" time="0"/>
  <testcase classname="| 6 |" name="When I login as user with &quot;6&quot;" time="0"/>
  <testcase classname="| 6 |" name="Then I see expected element" time="0"/>
  <testcase classname="| 6 |" name="| 6 |" time="0.68"/>
  <testcase classname="Scenario: Message moving to spam and back" name="Given I am on main application page" time="0"/>
  <testcase classname="Scenario: Message moving to spam and back" name="When I login as user with correct password" time="0"/>
  <testcase classname="Scenario: Message moving to spam and back" name="Then I see expected element" time="0"/>
  <testcase classname="Scenario: Message moving to spam and back" name="Then I check incoming messages presence" time="0"/>
  <testcase classname="Scenario: Message moving to spam and back" name="When I move 1 message to spam" time="0"/>
  <testcase classname="Scenario: Message moving to spam and back" name="Then I see popup with confirmation" time="0"/>
  <testcase classname="Scenario: Message moving to spam and back" name="When I go to spam" time="0.001"/>
  <testcase classname="Scenario: Message moving to spam and back" name="And I move message back from spam to income" time="0"/>
  <testcase classname="Scenario: Message moving to spam and back" name="Then I see popup with confirmation" time="0"/>
  <testcase classname="Scenario: Message moving to spam and back" name="Scenario: Message moving to spam and back" time="0.703"/>
  <testcase classname="Scenario: Check messages and uncheck all" name="Given I am on main application page" time="0"/>
  <testcase classname="Scenario: Check messages and uncheck all" name="When I login as user with correct password" time="0"/>
  <testcase classname="Scenario: Check messages and uncheck all" name="Then I see expected element" time="0"/>
  <testcase classname="Scenario: Check messages and uncheck all" name="Then I check incoming messages presence" time="0"/>
  <testcase classname="Scenario: Check messages and uncheck all" name="When I check 3 messages" time="0"/>
  <testcase classname="Scenario: Check messages and uncheck all" name="And I uncheck all messages" time="0"/>
  <testcase classname="Scenario: Check messages and uncheck all" name="Then I don&apos;t see any selection" time="0"/>
  <testcase classname="Scenario: Check messages and uncheck all" name="Scenario: Check messages and uncheck all" time="1.067"/>
  <testcase classname="| 0 |" name="Given I am on main application page" time="0"/>
  <testcase classname="| 0 |" name="When I login as user with correct password" time="0"/>
  <testcase classname="| 0 |" name="Then I see expected element" time="0"/>
  <testcase classname="| 0 |" name="When I send message using 0 data" time="0"/>
  <testcase classname="| 0 |" name="Then I see expected confirmation" time="0"/>
  <testcase classname="| 0 |" name="| 0 |" time="0.677"/>
  <testcase classname="| 1 |" name="Given I am on main application page" time="0"/>
  <testcase classname="| 1 |" name="When I login as user with correct password" time="0"/>
  <testcase classname="| 1 |" name="Then I see expected element" time="0"/>
  <testcase classname="| 1 |" name="When I send message using 1 data" time="0"/>
  <testcase classname="| 1 |" name="Then I see expected confirmation" time="0"/>
  <testcase classname="| 1 |" name="| 1 |" time="0.684"/>
</testsuite>